<?xml version="1.0" encoding="UTF-8"?>
<testng-results skipped="0" failed="1" ignored="0" total="2" passed="1">
  <reporter-output>
  </reporter-output>
  <suite name="Default suite" duration-ms="37606" started-at="2018-04-07T17:54:07Z" finished-at="2018-04-07T17:54:44Z">
    <groups>
    </groups>
    <test name="Default test" duration-ms="37606" started-at="2018-04-07T17:54:07Z" finished-at="2018-04-07T17:54:44Z">
      <class name="com.amazon.test.SearchResultTest">
        <test-method status="PASS" signature="setUp()[pri:0, instance:com.amazon.test.SearchResultTest@71423665]" name="setUp" is-config="true" duration-ms="5981" started-at="2018-04-07T23:24:07Z" finished-at="2018-04-07T23:24:13Z">
          <reporter-output>
          </reporter-output>
        </test-method> <!-- setUp -->
        <test-method status="FAIL" signature="openHomePage()[pri:1, instance:com.amazon.test.SearchResultTest@71423665]" name="openHomePage" duration-ms="20135" started-at="2018-04-07T23:24:13Z" finished-at="2018-04-07T23:24:33Z">
          <exception class="org.openqa.selenium.TimeoutException">
            <message>
              <![CDATA[Timed out waiting for page load.
Command duration or timeout: 0 milliseconds]]>
            </message>
            <full-stacktrace>
              <![CDATA[org.openqa.selenium.TimeoutException: Timed out waiting for page load.
Command duration or timeout: 0 milliseconds
	at sun.reflect.NativeConstructorAccessorImpl.newInstance0(Native Method)
	at sun.reflect.NativeConstructorAccessorImpl.newInstance(NativeConstructorAccessorImpl.java:62)
	at sun.reflect.DelegatingConstructorAccessorImpl.newInstance(DelegatingConstructorAccessorImpl.java:45)
	at java.lang.reflect.Constructor.newInstance(Constructor.java:423)
	at org.openqa.selenium.remote.ErrorHandler.createThrowable(ErrorHandler.java:215)
	at org.openqa.selenium.remote.ErrorHandler.throwIfResponseFailed(ErrorHandler.java:167)
	at org.openqa.selenium.remote.http.JsonHttpResponseCodec.reconstructValue(JsonHttpResponseCodec.java:40)
	at org.openqa.selenium.remote.http.AbstractHttpResponseCodec.decode(AbstractHttpResponseCodec.java:82)
	at org.openqa.selenium.remote.http.AbstractHttpResponseCodec.decode(AbstractHttpResponseCodec.java:45)
	at org.openqa.selenium.remote.HttpCommandExecutor.execute(HttpCommandExecutor.java:164)
	at org.openqa.selenium.remote.service.DriverCommandExecutor.execute(DriverCommandExecutor.java:82)
	at org.openqa.selenium.remote.RemoteWebDriver.execute(RemoteWebDriver.java:646)
	at org.openqa.selenium.remote.RemoteWebDriver.get(RemoteWebDriver.java:370)
	at com.amazon.pages.HomePage.openPage(HomePage.java:41)
	at com.amazon.test.SearchResultTest.openHomePage(SearchResultTest.java:48)
	at sun.reflect.NativeMethodAccessorImpl.invoke0(Native Method)
	at sun.reflect.NativeMethodAccessorImpl.invoke(NativeMethodAccessorImpl.java:62)
	at sun.reflect.DelegatingMethodAccessorImpl.invoke(DelegatingMethodAccessorImpl.java:43)
	at java.lang.reflect.Method.invoke(Method.java:498)
	at org.testng.internal.MethodInvocationHelper.invokeMethod(MethodInvocationHelper.java:108)
	at org.testng.internal.Invoker.invokeMethod(Invoker.java:661)
	at org.testng.internal.Invoker.invokeTestMethod(Invoker.java:869)
	at org.testng.internal.Invoker.invokeTestMethods(Invoker.java:1193)
	at org.testng.internal.TestMethodWorker.invokeTestMethods(TestMethodWorker.java:126)
	at org.testng.internal.TestMethodWorker.run(TestMethodWorker.java:109)
	at org.testng.TestRunner.privateRun(TestRunner.java:744)
	at org.testng.TestRunner.run(TestRunner.java:602)
	at org.testng.SuiteRunner.runTest(SuiteRunner.java:380)
	at org.testng.SuiteRunner.runSequentially(SuiteRunner.java:375)
	at org.testng.SuiteRunner.privateRun(SuiteRunner.java:340)
	at org.testng.SuiteRunner.run(SuiteRunner.java:289)
	at org.testng.SuiteRunnerWorker.runSuite(SuiteRunnerWorker.java:52)
	at org.testng.SuiteRunnerWorker.run(SuiteRunnerWorker.java:86)
	at org.testng.TestNG.runSuitesSequentially(TestNG.java:1301)
	at org.testng.TestNG.runSuitesLocally(TestNG.java:1226)
	at org.testng.TestNG.runSuites(TestNG.java:1144)
	at org.testng.TestNG.run(TestNG.java:1115)
	at org.testng.remote.AbstractRemoteTestNG.run(AbstractRemoteTestNG.java:132)
	at org.testng.remote.RemoteTestNG.initAndRun(RemoteTestNG.java:230)
	at org.testng.remote.RemoteTestNG.main(RemoteTestNG.java:76)
Caused by: org.openqa.selenium.TimeoutException: Timed out waiting for page load.
Build info: version: '3.5.3', revision: 'a88d25fe6b', time: '2017-08-29T12:42:44.417Z'
System info: host: 'L005517', ip: '192.168.0.102', os.name: 'Windows 10', os.arch: 'amd64', os.version: '10.0', java.version: '1.8.0_131'
Driver info: driver.version: unknown
	at <anonymous class>.Utils.initWebLoadingListener/<(file:///C:/Users/SIVASU~1/AppData/Local/Temp/anonymous7039829313509174856webdriver-profile/extensions/fxdriver@googlecode.com/components/driver-component.js:10622)
	at <anonymous class>.WebLoadingListener/f(file:///C:/Users/SIVASU~1/AppData/Local/Temp/anonymous7039829313509174856webdriver-profile/extensions/fxdriver@googlecode.com/components/driver-component.js:8466)
	at <anonymous class>.WebLoadingListener/<(file:///C:/Users/SIVASU~1/AppData/Local/Temp/anonymous7039829313509174856webdriver-profile/extensions/fxdriver@googlecode.com/components/driver-component.js:8474)
	at <anonymous class>.fxdriver.Timer.prototype.setTimeout/<.notify(file:///C:/Users/SIVASU~1/AppData/Local/Temp/anonymous7039829313509174856webdriver-profile/extensions/fxdriver@googlecode.com/components/driver-component.js:918)
]]>
            </full-stacktrace>
          </exception> <!-- org.openqa.selenium.TimeoutException -->
          <reporter-output>
          </reporter-output>
        </test-method> <!-- openHomePage -->
        <test-method status="PASS" signature="searchProudct()[pri:2, instance:com.amazon.test.SearchResultTest@71423665]" name="searchProudct" duration-ms="10552" started-at="2018-04-07T23:24:33Z" finished-at="2018-04-07T23:24:43Z">
          <reporter-output>
          </reporter-output>
        </test-method> <!-- searchProudct -->
        <test-method status="PASS" signature="tierDown()[pri:0, instance:com.amazon.test.SearchResultTest@71423665]" name="tierDown" is-config="true" duration-ms="902" started-at="2018-04-07T23:24:43Z" finished-at="2018-04-07T23:24:44Z">
          <reporter-output>
          </reporter-output>
        </test-method> <!-- tierDown -->
      </class> <!-- com.amazon.test.SearchResultTest -->
    </test> <!-- Default test -->
  </suite> <!-- Default suite -->
</testng-results>
